<?xml version="1.0" encoding="UTF-8"?>
<testsuites name="Login data file excel positiv dan negatif" time="95.842" tests="4" failures="0" errors="0">
   <testsuite name="Login data file excel positiv dan negatif" tests="4" failures="0" errors="0" time="95.842" skipped="0" timestamp="2023-02-28 14:38:35" hostname="macbookfajri - macbooks-mbp" id="Test Suites/Eklipse Login DB Excel/Login data file excel positiv dan negatif">
      <properties>
         <property name="deviceName" value=""/>
         <property name="devicePlatform" value=""/>
         <property name="logFolder" value="/Users/macbookfajri/Katalon Studio/TC_01 Login/Reports/20230228_143821/Eklipse Login DB Excel/Login data file excel positiv dan negatif/20230228_143821"/>
         <property name="logFiles" value="/Users/macbookfajri/Katalon Studio/TC_01 Login/Reports/20230228_143821/Eklipse Login DB Excel/Login data file excel positiv dan negatif/20230228_143821/execution0.log"/>
         <property name="attachments" value=""/>
         <property name="hostName" value="macbookfajri - macbooks-mbp"/>
         <property name="os" value="Mac OS X 64bit"/>
         <property name="katalonVersion" value="8.4.1.208"/>
         <property name="browser" value="Chrome 110.0.0.0"/>
         <property name="hostAddress" value="192.168.43.119"/>
         <property name="sessionId" value="e26cef5fa78b77a36df249c2f9093efd"/>
         <property name="seleniumVersion" value="3.141.59"/>
         <property name="proxyInformation" value="ProxyInformation { proxyOption=NO_PROXY, proxyServerType=HTTP, username=, password=********, proxyServerAddress=, proxyServerPort=0, executionList=&quot;&quot;, isApplyToDesiredCapabilities=true }"/>
         <property name="platform" value="Mac OS X"/>
      </properties>
      <testcase name="Test Cases/Eklipse_login 01/TC_01 loginn" time="23.733" classname="Test Cases/Eklipse_login 01/TC_01 loginn" status="PASSED">
         <system-out><![CDATA[2023-02-28 14:38:36 - [TEST_CASE][PASSED] - Test Cases/Eklipse_login 01/TC_01 loginn: Test Cases/Eklipse_login 01/TC_01 loginn

2023-02-28 14:38:37 - [TEST_STEP][PASSED] - openBrowser(""): Browser is opened with url: ''

2023-02-28 14:38:37 - [MESSAGE][INFO] - Starting 'Chrome' driver

2023-02-28 14:38:37 - [MESSAGE][INFO] - Action delay is set to 0 milliseconds

2023-02-28 14:38:41 - [MESSAGE][PASSED] - Browser is opened with url: ''

2023-02-28 14:38:41 - [TEST_STEP][PASSED] - navigateToUrl("https://app.eklipse.gg/login"): Navigate to 'https://app.eklipse.gg/login' successfully

2023-02-28 14:38:48 - [MESSAGE][PASSED] - Navigate to 'https://app.eklipse.gg/login' successfully

2023-02-28 14:38:48 - [TEST_STEP][PASSED] - setText(findTestObject("Object Repository/eklipse_login/Page_Eklipse/Page_Eklipse/input_OR_username"), "steveardiyanto3@gmail.com"): Text 'steveardiyanto3@gmail.com' is set on object 'Object Repository/eklipse_login/Page_Eklipse/Page_Eklipse/input_OR_username'

2023-02-28 14:38:50 - [MESSAGE][PASSED] - Text 'steveardiyanto3@gmail.com' is set on object 'Object Repository/eklipse_login/Page_Eklipse/Page_Eklipse/input_OR_username'

2023-02-28 14:38:50 - [TEST_STEP][PASSED] - setEncryptedText(findTestObject("Object Repository/eklipse_login/Page_Eklipse/Page_Eklipse/input_OR_password"), "NSftepvjSoiGLath4Gz4IQ=="): Text ****** has been set on object 'Object Repository/eklipse_login/Page_Eklipse/Page_Eklipse/input_OR_password'

2023-02-28 14:38:51 - [MESSAGE][PASSED] - Text ****** has been set on object 'Object Repository/eklipse_login/Page_Eklipse/Page_Eklipse/input_OR_password'

2023-02-28 14:38:51 - [TEST_STEP][PASSED] - click(findTestObject("Object Repository/eklipse_login/Page_Eklipse/Page_Eklipse/button_Log In")): Object: 'Object Repository/eklipse_login/Page_Eklipse/Page_Eklipse/button_Log In' is clicked on

2023-02-28 14:38:52 - [MESSAGE][PASSED] - Object: 'Object Repository/eklipse_login/Page_Eklipse/Page_Eklipse/button_Log In' is clicked on

2023-02-28 14:38:52 - [TEST_STEP][PASSED] - click(findTestObject("Object Repository/eklipse_login/Page_Eklipse/Page_Eklipse/span_")): Object: 'Object Repository/eklipse_login/Page_Eklipse/Page_Eklipse/span_' is clicked on

2023-02-28 14:39:00 - [MESSAGE][PASSED] - Object: 'Object Repository/eklipse_login/Page_Eklipse/Page_Eklipse/span_' is clicked on]]></system-out>
         <system-err><![CDATA[]]></system-err>
      </testcase>
      <testcase name="Test Cases/Eklipse_login 01/TC_01 loginn" time="22.197" classname="Test Cases/Eklipse_login 01/TC_01 loginn" status="PASSED">
         <system-out><![CDATA[2023-02-28 14:39:00 - [TEST_CASE][PASSED] - Test Cases/Eklipse_login 01/TC_01 loginn: Test Cases/Eklipse_login 01/TC_01 loginn

2023-02-28 14:39:00 - [TEST_STEP][PASSED] - openBrowser(""): Browser is opened with url: ''

2023-02-28 14:39:00 - [MESSAGE][WARNING] - A browser is already opened. Closing browser and opening a new one

2023-02-28 14:39:00 - [MESSAGE][INFO] - Starting 'Chrome' driver

2023-02-28 14:39:00 - [MESSAGE][INFO] - Action delay is set to 0 milliseconds

2023-02-28 14:39:02 - [MESSAGE][PASSED] - Browser is opened with url: ''

2023-02-28 14:39:02 - [TEST_STEP][PASSED] - navigateToUrl("https://app.eklipse.gg/login"): Navigate to 'https://app.eklipse.gg/login' successfully

2023-02-28 14:39:09 - [MESSAGE][PASSED] - Navigate to 'https://app.eklipse.gg/login' successfully

2023-02-28 14:39:09 - [TEST_STEP][PASSED] - setText(findTestObject("Object Repository/eklipse_login/Page_Eklipse/Page_Eklipse/input_OR_username"), "steveardiyanto3@gmail.com"): Text 'steveardiyanto3@gmail.com' is set on object 'Object Repository/eklipse_login/Page_Eklipse/Page_Eklipse/input_OR_username'

2023-02-28 14:39:11 - [MESSAGE][PASSED] - Text 'steveardiyanto3@gmail.com' is set on object 'Object Repository/eklipse_login/Page_Eklipse/Page_Eklipse/input_OR_username'

2023-02-28 14:39:11 - [TEST_STEP][PASSED] - setEncryptedText(findTestObject("Object Repository/eklipse_login/Page_Eklipse/Page_Eklipse/input_OR_password"), "NSftepvjSoiGLath4Gz4IQ=="): Text ****** has been set on object 'Object Repository/eklipse_login/Page_Eklipse/Page_Eklipse/input_OR_password'

2023-02-28 14:39:12 - [MESSAGE][PASSED] - Text ****** has been set on object 'Object Repository/eklipse_login/Page_Eklipse/Page_Eklipse/input_OR_password'

2023-02-28 14:39:12 - [TEST_STEP][PASSED] - click(findTestObject("Object Repository/eklipse_login/Page_Eklipse/Page_Eklipse/button_Log In")): Object: 'Object Repository/eklipse_login/Page_Eklipse/Page_Eklipse/button_Log In' is clicked on

2023-02-28 14:39:12 - [MESSAGE][PASSED] - Object: 'Object Repository/eklipse_login/Page_Eklipse/Page_Eklipse/button_Log In' is clicked on

2023-02-28 14:39:12 - [TEST_STEP][PASSED] - click(findTestObject("Object Repository/eklipse_login/Page_Eklipse/Page_Eklipse/span_")): Object: 'Object Repository/eklipse_login/Page_Eklipse/Page_Eklipse/span_' is clicked on

2023-02-28 14:39:22 - [MESSAGE][PASSED] - Object: 'Object Repository/eklipse_login/Page_Eklipse/Page_Eklipse/span_' is clicked on]]></system-out>
         <system-err><![CDATA[]]></system-err>
      </testcase>
      <testcase name="Test Cases/Eklipse_login 01/TC_01 loginn" time="19.799" classname="Test Cases/Eklipse_login 01/TC_01 loginn" status="PASSED">
         <system-out><![CDATA[2023-02-28 14:39:22 - [TEST_CASE][PASSED] - Test Cases/Eklipse_login 01/TC_01 loginn: Test Cases/Eklipse_login 01/TC_01 loginn

2023-02-28 14:39:22 - [TEST_STEP][PASSED] - openBrowser(""): Browser is opened with url: ''

2023-02-28 14:39:22 - [MESSAGE][WARNING] - A browser is already opened. Closing browser and opening a new one

2023-02-28 14:39:22 - [MESSAGE][INFO] - Starting 'Chrome' driver

2023-02-28 14:39:22 - [MESSAGE][INFO] - Action delay is set to 0 milliseconds

2023-02-28 14:39:24 - [MESSAGE][PASSED] - Browser is opened with url: ''

2023-02-28 14:39:24 - [TEST_STEP][PASSED] - navigateToUrl("https://app.eklipse.gg/login"): Navigate to 'https://app.eklipse.gg/login' successfully

2023-02-28 14:39:30 - [MESSAGE][PASSED] - Navigate to 'https://app.eklipse.gg/login' successfully

2023-02-28 14:39:30 - [TEST_STEP][PASSED] - setText(findTestObject("Object Repository/eklipse_login/Page_Eklipse/Page_Eklipse/input_OR_username"), "steveardiyanto3@gmail.com"): Text 'steveardiyanto3@gmail.com' is set on object 'Object Repository/eklipse_login/Page_Eklipse/Page_Eklipse/input_OR_username'

2023-02-28 14:39:31 - [MESSAGE][PASSED] - Text 'steveardiyanto3@gmail.com' is set on object 'Object Repository/eklipse_login/Page_Eklipse/Page_Eklipse/input_OR_username'

2023-02-28 14:39:31 - [TEST_STEP][PASSED] - setEncryptedText(findTestObject("Object Repository/eklipse_login/Page_Eklipse/Page_Eklipse/input_OR_password"), "NSftepvjSoiGLath4Gz4IQ=="): Text ****** has been set on object 'Object Repository/eklipse_login/Page_Eklipse/Page_Eklipse/input_OR_password'

2023-02-28 14:39:32 - [MESSAGE][PASSED] - Text ****** has been set on object 'Object Repository/eklipse_login/Page_Eklipse/Page_Eklipse/input_OR_password'

2023-02-28 14:39:32 - [TEST_STEP][PASSED] - click(findTestObject("Object Repository/eklipse_login/Page_Eklipse/Page_Eklipse/button_Log In")): Object: 'Object Repository/eklipse_login/Page_Eklipse/Page_Eklipse/button_Log In' is clicked on

2023-02-28 14:39:33 - [MESSAGE][PASSED] - Object: 'Object Repository/eklipse_login/Page_Eklipse/Page_Eklipse/button_Log In' is clicked on

2023-02-28 14:39:33 - [TEST_STEP][PASSED] - click(findTestObject("Object Repository/eklipse_login/Page_Eklipse/Page_Eklipse/span_")): Object: 'Object Repository/eklipse_login/Page_Eklipse/Page_Eklipse/span_' is clicked on

2023-02-28 14:39:42 - [MESSAGE][PASSED] - Object: 'Object Repository/eklipse_login/Page_Eklipse/Page_Eklipse/span_' is clicked on]]></system-out>
         <system-err><![CDATA[]]></system-err>
      </testcase>
      <testcase name="Test Cases/Eklipse_login 01/TC_01 loginn" time="29.275" classname="Test Cases/Eklipse_login 01/TC_01 loginn" status="PASSED">
         <system-out><![CDATA[2023-02-28 14:39:42 - [TEST_CASE][PASSED] - Test Cases/Eklipse_login 01/TC_01 loginn: Test Cases/Eklipse_login 01/TC_01 loginn

2023-02-28 14:39:42 - [TEST_STEP][PASSED] - openBrowser(""): Browser is opened with url: ''

2023-02-28 14:39:42 - [MESSAGE][WARNING] - A browser is already opened. Closing browser and opening a new one

2023-02-28 14:39:42 - [MESSAGE][INFO] - Starting 'Chrome' driver

2023-02-28 14:39:42 - [MESSAGE][INFO] - Action delay is set to 0 milliseconds

2023-02-28 14:39:44 - [MESSAGE][PASSED] - Browser is opened with url: ''

2023-02-28 14:39:44 - [TEST_STEP][PASSED] - navigateToUrl("https://app.eklipse.gg/login"): Navigate to 'https://app.eklipse.gg/login' successfully

2023-02-28 14:40:00 - [MESSAGE][PASSED] - Navigate to 'https://app.eklipse.gg/login' successfully

2023-02-28 14:40:00 - [TEST_STEP][PASSED] - setText(findTestObject("Object Repository/eklipse_login/Page_Eklipse/Page_Eklipse/input_OR_username"), "steveardiyanto3@gmail.com"): Text 'steveardiyanto3@gmail.com' is set on object 'Object Repository/eklipse_login/Page_Eklipse/Page_Eklipse/input_OR_username'

2023-02-28 14:40:02 - [MESSAGE][PASSED] - Text 'steveardiyanto3@gmail.com' is set on object 'Object Repository/eklipse_login/Page_Eklipse/Page_Eklipse/input_OR_username'

2023-02-28 14:40:02 - [TEST_STEP][PASSED] - setEncryptedText(findTestObject("Object Repository/eklipse_login/Page_Eklipse/Page_Eklipse/input_OR_password"), "NSftepvjSoiGLath4Gz4IQ=="): Text ****** has been set on object 'Object Repository/eklipse_login/Page_Eklipse/Page_Eklipse/input_OR_password'

2023-02-28 14:40:02 - [MESSAGE][PASSED] - Text ****** has been set on object 'Object Repository/eklipse_login/Page_Eklipse/Page_Eklipse/input_OR_password'

2023-02-28 14:40:02 - [TEST_STEP][PASSED] - click(findTestObject("Object Repository/eklipse_login/Page_Eklipse/Page_Eklipse/button_Log In")): Object: 'Object Repository/eklipse_login/Page_Eklipse/Page_Eklipse/button_Log In' is clicked on

2023-02-28 14:40:03 - [MESSAGE][PASSED] - Object: 'Object Repository/eklipse_login/Page_Eklipse/Page_Eklipse/button_Log In' is clicked on

2023-02-28 14:40:03 - [TEST_STEP][PASSED] - click(findTestObject("Object Repository/eklipse_login/Page_Eklipse/Page_Eklipse/span_")): Object: 'Object Repository/eklipse_login/Page_Eklipse/Page_Eklipse/span_' is clicked on

2023-02-28 14:40:11 - [MESSAGE][PASSED] - Object: 'Object Repository/eklipse_login/Page_Eklipse/Page_Eklipse/span_' is clicked on]]></system-out>
         <system-err><![CDATA[]]></system-err>
      </testcase>
      <system-out><![CDATA[2023-02-28 14:38:35 - [TEST_SUITE][PASSED] - Login data file excel positiv dan negatif: Test Cases/Eklipse_login 01/TC_01 loginn]]></system-out>
      <system-err><![CDATA[]]></system-err>
   </testsuite>
</testsuites>
