<?xml version="1.0" encoding="UTF-8"?>
<testsuites name="Login data file excel positiv dan negatif" time="89.154" tests="4" failures="0" errors="0">
   <testsuite name="Login data file excel positiv dan negatif" tests="4" failures="0" errors="0" time="89.154" skipped="0" timestamp="2023-02-28 14:43:04" hostname="macbookfajri - macbooks-mbp" id="Test Suites/Eklipse Login DB Excel/Login data file excel positiv dan negatif">
      <properties>
         <property name="deviceName" value=""/>
         <property name="devicePlatform" value=""/>
         <property name="logFolder" value="/Users/macbookfajri/Katalon Studio/TC_01 Login/Reports/20230228_144247/Eklipse Login DB Excel/Login data file excel positiv dan negatif/20230228_144247"/>
         <property name="logFiles" value="/Users/macbookfajri/Katalon Studio/TC_01 Login/Reports/20230228_144247/Eklipse Login DB Excel/Login data file excel positiv dan negatif/20230228_144247/execution0.log"/>
         <property name="attachments" value=""/>
         <property name="hostName" value="macbookfajri - macbooks-mbp"/>
         <property name="os" value="Mac OS X 64bit"/>
         <property name="katalonVersion" value="8.4.1.208"/>
         <property name="browser" value="Chrome 110.0.0.0"/>
         <property name="hostAddress" value="192.168.43.119"/>
         <property name="sessionId" value="327b295a72d4ef15c63a2c3bc6bbbd01"/>
         <property name="seleniumVersion" value="3.141.59"/>
         <property name="proxyInformation" value="ProxyInformation { proxyOption=NO_PROXY, proxyServerType=HTTP, username=, password=********, proxyServerAddress=, proxyServerPort=0, executionList=&quot;&quot;, isApplyToDesiredCapabilities=true }"/>
         <property name="platform" value="Mac OS X"/>
      </properties>
      <testcase name="Test Cases/Eklipse_login 01/TC_01 loginn" time="23.233" classname="Test Cases/Eklipse_login 01/TC_01 loginn" status="PASSED">
         <system-out><![CDATA[2023-02-28 14:43:05 - [TEST_CASE][PASSED] - Test Cases/Eklipse_login 01/TC_01 loginn: Test Cases/Eklipse_login 01/TC_01 loginn

2023-02-28 14:43:06 - [TEST_STEP][PASSED] - openBrowser(""): Browser is opened with url: ''

2023-02-28 14:43:06 - [MESSAGE][INFO] - Starting 'Chrome' driver

2023-02-28 14:43:07 - [MESSAGE][INFO] - Action delay is set to 0 milliseconds

2023-02-28 14:43:11 - [MESSAGE][PASSED] - Browser is opened with url: ''

2023-02-28 14:43:11 - [TEST_STEP][PASSED] - navigateToUrl("https://app.eklipse.gg/login"): Navigate to 'https://app.eklipse.gg/login' successfully

2023-02-28 14:43:17 - [MESSAGE][PASSED] - Navigate to 'https://app.eklipse.gg/login' successfully

2023-02-28 14:43:17 - [TEST_STEP][PASSED] - setText(findTestObject("Object Repository/eklipse_login/Page_Eklipse/Page_Eklipse/input_OR_username"), "steveardiyanto3@gmail.com"): Text 'steveardiyanto3@gmail.com' is set on object 'Object Repository/eklipse_login/Page_Eklipse/Page_Eklipse/input_OR_username'

2023-02-28 14:43:19 - [MESSAGE][PASSED] - Text 'steveardiyanto3@gmail.com' is set on object 'Object Repository/eklipse_login/Page_Eklipse/Page_Eklipse/input_OR_username'

2023-02-28 14:43:19 - [TEST_STEP][PASSED] - setEncryptedText(findTestObject("Object Repository/eklipse_login/Page_Eklipse/Page_Eklipse/input_OR_password"), "NSftepvjSoiGLath4Gz4IQ=="): Text ****** has been set on object 'Object Repository/eklipse_login/Page_Eklipse/Page_Eklipse/input_OR_password'

2023-02-28 14:43:19 - [MESSAGE][PASSED] - Text ****** has been set on object 'Object Repository/eklipse_login/Page_Eklipse/Page_Eklipse/input_OR_password'

2023-02-28 14:43:19 - [TEST_STEP][PASSED] - click(findTestObject("Object Repository/eklipse_login/Page_Eklipse/Page_Eklipse/button_Log In")): Object: 'Object Repository/eklipse_login/Page_Eklipse/Page_Eklipse/button_Log In' is clicked on

2023-02-28 14:43:20 - [MESSAGE][PASSED] - Object: 'Object Repository/eklipse_login/Page_Eklipse/Page_Eklipse/button_Log In' is clicked on

2023-02-28 14:43:20 - [TEST_STEP][PASSED] - click(findTestObject("Object Repository/eklipse_login/Page_Eklipse/Page_Eklipse/span_")): Object: 'Object Repository/eklipse_login/Page_Eklipse/Page_Eklipse/span_' is clicked on

2023-02-28 14:43:28 - [MESSAGE][PASSED] - Object: 'Object Repository/eklipse_login/Page_Eklipse/Page_Eklipse/span_' is clicked on]]></system-out>
         <system-err><![CDATA[]]></system-err>
      </testcase>
      <testcase name="Test Cases/Eklipse_login 01/TC_01 loginn" time="23.362" classname="Test Cases/Eklipse_login 01/TC_01 loginn" status="PASSED">
         <system-out><![CDATA[2023-02-28 14:43:28 - [TEST_CASE][PASSED] - Test Cases/Eklipse_login 01/TC_01 loginn: Test Cases/Eklipse_login 01/TC_01 loginn

2023-02-28 14:43:28 - [TEST_STEP][PASSED] - openBrowser(""): Browser is opened with url: ''

2023-02-28 14:43:29 - [MESSAGE][WARNING] - A browser is already opened. Closing browser and opening a new one

2023-02-28 14:43:29 - [MESSAGE][INFO] - Starting 'Chrome' driver

2023-02-28 14:43:29 - [MESSAGE][INFO] - Action delay is set to 0 milliseconds

2023-02-28 14:43:31 - [MESSAGE][PASSED] - Browser is opened with url: ''

2023-02-28 14:43:31 - [TEST_STEP][PASSED] - navigateToUrl("https://app.eklipse.gg/login"): Navigate to 'https://app.eklipse.gg/login' successfully

2023-02-28 14:43:37 - [MESSAGE][PASSED] - Navigate to 'https://app.eklipse.gg/login' successfully

2023-02-28 14:43:37 - [TEST_STEP][PASSED] - setText(findTestObject("Object Repository/eklipse_login/Page_Eklipse/Page_Eklipse/input_OR_username"), "steveardiyanto3@gmail.com"): Text 'steveardiyanto3@gmail.com' is set on object 'Object Repository/eklipse_login/Page_Eklipse/Page_Eklipse/input_OR_username'

2023-02-28 14:43:39 - [MESSAGE][PASSED] - Text 'steveardiyanto3@gmail.com' is set on object 'Object Repository/eklipse_login/Page_Eklipse/Page_Eklipse/input_OR_username'

2023-02-28 14:43:39 - [TEST_STEP][PASSED] - setEncryptedText(findTestObject("Object Repository/eklipse_login/Page_Eklipse/Page_Eklipse/input_OR_password"), "NSftepvjSoiGLath4Gz4IQ=="): Text ****** has been set on object 'Object Repository/eklipse_login/Page_Eklipse/Page_Eklipse/input_OR_password'

2023-02-28 14:43:39 - [MESSAGE][PASSED] - Text ****** has been set on object 'Object Repository/eklipse_login/Page_Eklipse/Page_Eklipse/input_OR_password'

2023-02-28 14:43:39 - [TEST_STEP][PASSED] - click(findTestObject("Object Repository/eklipse_login/Page_Eklipse/Page_Eklipse/button_Log In")): Object: 'Object Repository/eklipse_login/Page_Eklipse/Page_Eklipse/button_Log In' is clicked on

2023-02-28 14:43:41 - [MESSAGE][PASSED] - Object: 'Object Repository/eklipse_login/Page_Eklipse/Page_Eklipse/button_Log In' is clicked on

2023-02-28 14:43:41 - [TEST_STEP][PASSED] - click(findTestObject("Object Repository/eklipse_login/Page_Eklipse/Page_Eklipse/span_")): Object: 'Object Repository/eklipse_login/Page_Eklipse/Page_Eklipse/span_' is clicked on

2023-02-28 14:43:52 - [MESSAGE][PASSED] - Object: 'Object Repository/eklipse_login/Page_Eklipse/Page_Eklipse/span_' is clicked on]]></system-out>
         <system-err><![CDATA[]]></system-err>
      </testcase>
      <testcase name="Test Cases/Eklipse_login 01/TC_01 loginn" time="21.848" classname="Test Cases/Eklipse_login 01/TC_01 loginn" status="PASSED">
         <system-out><![CDATA[2023-02-28 14:43:52 - [TEST_CASE][PASSED] - Test Cases/Eklipse_login 01/TC_01 loginn: Test Cases/Eklipse_login 01/TC_01 loginn

2023-02-28 14:43:52 - [TEST_STEP][PASSED] - openBrowser(""): Browser is opened with url: ''

2023-02-28 14:43:52 - [MESSAGE][WARNING] - A browser is already opened. Closing browser and opening a new one

2023-02-28 14:43:52 - [MESSAGE][INFO] - Starting 'Chrome' driver

2023-02-28 14:43:52 - [MESSAGE][INFO] - Action delay is set to 0 milliseconds

2023-02-28 14:43:54 - [MESSAGE][PASSED] - Browser is opened with url: ''

2023-02-28 14:43:54 - [TEST_STEP][PASSED] - navigateToUrl("https://app.eklipse.gg/login"): Navigate to 'https://app.eklipse.gg/login' successfully

2023-02-28 14:44:00 - [MESSAGE][PASSED] - Navigate to 'https://app.eklipse.gg/login' successfully

2023-02-28 14:44:00 - [TEST_STEP][PASSED] - setText(findTestObject("Object Repository/eklipse_login/Page_Eklipse/Page_Eklipse/input_OR_username"), "steveardiyanto3@gmail.com"): Text 'steveardiyanto3@gmail.com' is set on object 'Object Repository/eklipse_login/Page_Eklipse/Page_Eklipse/input_OR_username'

2023-02-28 14:44:04 - [MESSAGE][PASSED] - Text 'steveardiyanto3@gmail.com' is set on object 'Object Repository/eklipse_login/Page_Eklipse/Page_Eklipse/input_OR_username'

2023-02-28 14:44:04 - [TEST_STEP][PASSED] - setEncryptedText(findTestObject("Object Repository/eklipse_login/Page_Eklipse/Page_Eklipse/input_OR_password"), "NSftepvjSoiGLath4Gz4IQ=="): Text ****** has been set on object 'Object Repository/eklipse_login/Page_Eklipse/Page_Eklipse/input_OR_password'

2023-02-28 14:44:06 - [MESSAGE][PASSED] - Text ****** has been set on object 'Object Repository/eklipse_login/Page_Eklipse/Page_Eklipse/input_OR_password'

2023-02-28 14:44:06 - [TEST_STEP][PASSED] - click(findTestObject("Object Repository/eklipse_login/Page_Eklipse/Page_Eklipse/button_Log In")): Object: 'Object Repository/eklipse_login/Page_Eklipse/Page_Eklipse/button_Log In' is clicked on

2023-02-28 14:44:08 - [MESSAGE][PASSED] - Object: 'Object Repository/eklipse_login/Page_Eklipse/Page_Eklipse/button_Log In' is clicked on

2023-02-28 14:44:08 - [TEST_STEP][PASSED] - click(findTestObject("Object Repository/eklipse_login/Page_Eklipse/Page_Eklipse/span_")): Object: 'Object Repository/eklipse_login/Page_Eklipse/Page_Eklipse/span_' is clicked on

2023-02-28 14:44:14 - [MESSAGE][PASSED] - Object: 'Object Repository/eklipse_login/Page_Eklipse/Page_Eklipse/span_' is clicked on]]></system-out>
         <system-err><![CDATA[]]></system-err>
      </testcase>
      <testcase name="Test Cases/Eklipse_login 01/TC_01 loginn" time="19.937" classname="Test Cases/Eklipse_login 01/TC_01 loginn" status="PASSED">
         <system-out><![CDATA[2023-02-28 14:44:14 - [TEST_CASE][PASSED] - Test Cases/Eklipse_login 01/TC_01 loginn: Test Cases/Eklipse_login 01/TC_01 loginn

2023-02-28 14:44:14 - [TEST_STEP][PASSED] - openBrowser(""): Browser is opened with url: ''

2023-02-28 14:44:14 - [MESSAGE][WARNING] - A browser is already opened. Closing browser and opening a new one

2023-02-28 14:44:14 - [MESSAGE][INFO] - Starting 'Chrome' driver

2023-02-28 14:44:14 - [MESSAGE][INFO] - Action delay is set to 0 milliseconds

2023-02-28 14:44:16 - [MESSAGE][PASSED] - Browser is opened with url: ''

2023-02-28 14:44:16 - [TEST_STEP][PASSED] - navigateToUrl("https://app.eklipse.gg/login"): Navigate to 'https://app.eklipse.gg/login' successfully

2023-02-28 14:44:25 - [MESSAGE][PASSED] - Navigate to 'https://app.eklipse.gg/login' successfully

2023-02-28 14:44:25 - [TEST_STEP][PASSED] - setText(findTestObject("Object Repository/eklipse_login/Page_Eklipse/Page_Eklipse/input_OR_username"), "steveardiyanto3@gmail.com"): Text 'steveardiyanto3@gmail.com' is set on object 'Object Repository/eklipse_login/Page_Eklipse/Page_Eklipse/input_OR_username'

2023-02-28 14:44:27 - [MESSAGE][PASSED] - Text 'steveardiyanto3@gmail.com' is set on object 'Object Repository/eklipse_login/Page_Eklipse/Page_Eklipse/input_OR_username'

2023-02-28 14:44:27 - [TEST_STEP][PASSED] - setEncryptedText(findTestObject("Object Repository/eklipse_login/Page_Eklipse/Page_Eklipse/input_OR_password"), "NSftepvjSoiGLath4Gz4IQ=="): Text ****** has been set on object 'Object Repository/eklipse_login/Page_Eklipse/Page_Eklipse/input_OR_password'

2023-02-28 14:44:28 - [MESSAGE][PASSED] - Text ****** has been set on object 'Object Repository/eklipse_login/Page_Eklipse/Page_Eklipse/input_OR_password'

2023-02-28 14:44:28 - [TEST_STEP][PASSED] - click(findTestObject("Object Repository/eklipse_login/Page_Eklipse/Page_Eklipse/button_Log In")): Object: 'Object Repository/eklipse_login/Page_Eklipse/Page_Eklipse/button_Log In' is clicked on

2023-02-28 14:44:28 - [MESSAGE][PASSED] - Object: 'Object Repository/eklipse_login/Page_Eklipse/Page_Eklipse/button_Log In' is clicked on

2023-02-28 14:44:28 - [TEST_STEP][PASSED] - click(findTestObject("Object Repository/eklipse_login/Page_Eklipse/Page_Eklipse/span_")): Object: 'Object Repository/eklipse_login/Page_Eklipse/Page_Eklipse/span_' is clicked on

2023-02-28 14:44:34 - [MESSAGE][PASSED] - Object: 'Object Repository/eklipse_login/Page_Eklipse/Page_Eklipse/span_' is clicked on]]></system-out>
         <system-err><![CDATA[]]></system-err>
      </testcase>
      <system-out><![CDATA[2023-02-28 14:43:04 - [TEST_SUITE][PASSED] - Login data file excel positiv dan negatif: Test Cases/Eklipse_login 01/TC_01 loginn]]></system-out>
      <system-err><![CDATA[]]></system-err>
   </testsuite>
</testsuites>
